[2022-08-26T08:11:50.295182+00:00] flutterwave/rave.NOTICE: Generating Reference Number.... [] []
[2022-08-26T08:11:50.298772+00:00] flutterwave/rave.NOTICE: Generated Reference Number....RV_6308804648f06 [] []
[2022-08-26T08:11:50.298838+00:00] flutterwave/rave.NOTICE: Rave Class Initializes.... [] []
[2022-08-26T08:11:50.301769+00:00] flutterwave/rave.NOTICE: Checking payment details.. [] []
[2022-08-26T08:11:51.710395+00:00] flutterwave/rave.NOTICE: Payment requires otp validation...authmodel:pin [] []
[2022-08-26T08:11:51.710508+00:00] flutterwave/rave.NOTICE: Checking payment details.. [] []
[2022-08-26T08:11:54.222485+00:00] flutterwave/rave.NOTICE: Payment requires otp validation...authmodel:otp [] []
[2022-08-26T08:11:54.222747+00:00] flutterwave/rave.NOTICE: Validating otp... [] []
[2022-08-26T08:11:55.189131+00:00] flutterwave/rave.NOTICE: Verifying transaction... [] []
[2022-08-26T11:33:50.800440+00:00] flutterwave/rave.NOTICE: Generating Reference Number.... [] []
[2022-08-26T11:33:50.803484+00:00] flutterwave/rave.NOTICE: Generated Reference Number....RV_6308af9ec4290 [] []
[2022-08-26T11:33:50.803533+00:00] flutterwave/rave.NOTICE: Rave Class Initializes.... [] []
[2022-08-26T11:33:50.805946+00:00] flutterwave/rave.NOTICE: Checking payment details.. [] []
[2022-08-26T11:33:52.401711+00:00] flutterwave/rave.NOTICE: Payment requires otp validation...authmodel:pin [] []
[2022-08-26T11:47:10.990528+00:00] flutterwave/rave.NOTICE: Generating Reference Number.... [] []
[2022-08-26T11:47:10.992321+00:00] flutterwave/rave.NOTICE: Generated Reference Number....RV_6308b2bef2439 [] []
[2022-08-26T11:47:10.992366+00:00] flutterwave/rave.NOTICE: Rave Class Initializes.... [] []
[2022-08-26T11:47:10.993215+00:00] flutterwave/rave.NOTICE: Checking payment details.. [] []
[2022-08-26T11:47:59.294669+00:00] flutterwave/rave.NOTICE: Generating Reference Number.... [] []
[2022-08-26T11:47:59.296072+00:00] flutterwave/rave.NOTICE: Generated Reference Number....RV_6308b2ef4847f [] []
[2022-08-26T11:47:59.296117+00:00] flutterwave/rave.NOTICE: Rave Class Initializes.... [] []
[2022-08-26T11:47:59.297052+00:00] flutterwave/rave.NOTICE: Checking payment details.. [] []
[2022-08-26T11:48:43.744472+00:00] flutterwave/rave.NOTICE: Generating Reference Number.... [] []
[2022-08-26T11:48:43.746193+00:00] flutterwave/rave.NOTICE: Generated Reference Number....RV_6308b31bb62c8 [] []
[2022-08-26T11:48:43.746238+00:00] flutterwave/rave.NOTICE: Rave Class Initializes.... [] []
[2022-08-26T11:48:43.747143+00:00] flutterwave/rave.NOTICE: Checking payment details.. [] []
[2022-08-26T11:48:45.083808+00:00] flutterwave/rave.NOTICE: Payment requires otp validation...authmodel:pin [] []
[2022-08-26T11:50:09.805244+00:00] flutterwave/rave.NOTICE: Generating Reference Number.... [] []
[2022-08-26T11:50:09.807819+00:00] flutterwave/rave.NOTICE: Generated Reference Number....RV_6308b371c537b [] []
[2022-08-26T11:50:09.807895+00:00] flutterwave/rave.NOTICE: Rave Class Initializes.... [] []
[2022-08-26T11:50:09.809108+00:00] flutterwave/rave.NOTICE: Checking payment details.. [] []
[2022-08-26T11:50:11.424435+00:00] flutterwave/rave.NOTICE: Payment requires otp validation...authmodel:pin [] []
[2022-08-26T12:25:39.061158+00:00] flutterwave/rave.NOTICE: Generating Reference Number.... [] []
[2022-08-26T12:25:39.064112+00:00] flutterwave/rave.NOTICE: Generated Reference Number....RV_6308bbc30fa65 [] []
[2022-08-26T12:25:39.064167+00:00] flutterwave/rave.NOTICE: Rave Class Initializes.... [] []
[2022-08-26T12:25:39.065677+00:00] flutterwave/rave.NOTICE: Checking payment details.. [] []
[2022-08-26T12:26:20.767588+00:00] flutterwave/rave.NOTICE: Generating Reference Number.... [] []
[2022-08-26T12:26:20.768873+00:00] flutterwave/rave.NOTICE: Generated Reference Number....RV_6308bbecbbb61 [] []
[2022-08-26T12:26:20.768912+00:00] flutterwave/rave.NOTICE: Rave Class Initializes.... [] []
[2022-08-26T12:26:20.769449+00:00] flutterwave/rave.NOTICE: Checking payment details.. [] []
[2022-08-26T12:27:17.533006+00:00] flutterwave/rave.NOTICE: Generating Reference Number.... [] []
[2022-08-26T12:27:17.534745+00:00] flutterwave/rave.NOTICE: Generated Reference Number....RV_6308bc25828d0 [] []
[2022-08-26T12:27:17.534790+00:00] flutterwave/rave.NOTICE: Rave Class Initializes.... [] []
[2022-08-26T12:27:17.535593+00:00] flutterwave/rave.NOTICE: Checking payment details.. [] []
[2022-08-26T12:28:41.835360+00:00] flutterwave/rave.NOTICE: Generating Reference Number.... [] []
[2022-08-26T12:28:41.836977+00:00] flutterwave/rave.NOTICE: Generated Reference Number....RV_6308bc79cc568 [] []
[2022-08-26T12:28:41.837018+00:00] flutterwave/rave.NOTICE: Rave Class Initializes.... [] []
[2022-08-26T12:28:41.837809+00:00] flutterwave/rave.NOTICE: Checking payment details.. [] []
[2022-08-26T12:28:43.175598+00:00] flutterwave/rave.NOTICE: Payment requires otp validation...authmodel:pin [] []
[2022-08-26T12:28:52.602858+00:00] flutterwave/rave.NOTICE: Generating Reference Number.... [] []
[2022-08-26T12:28:52.604188+00:00] flutterwave/rave.NOTICE: Generated Reference Number....RV_6308bc8493814 [] []
[2022-08-26T12:28:52.604233+00:00] flutterwave/rave.NOTICE: Rave Class Initializes.... [] []
[2022-08-26T12:28:52.604786+00:00] flutterwave/rave.NOTICE: Checking payment details.. [] []
[2022-08-26T12:28:53.772777+00:00] flutterwave/rave.NOTICE: Payment requires otp validation...authmodel:pin [] []
[2022-08-26T12:29:09.540947+00:00] flutterwave/rave.NOTICE: Generating Reference Number.... [] []
[2022-08-26T12:29:09.542561+00:00] flutterwave/rave.NOTICE: Generated Reference Number....RV_6308bc9584755 [] []
[2022-08-26T12:29:09.542613+00:00] flutterwave/rave.NOTICE: Rave Class Initializes.... [] []
[2022-08-26T12:29:09.543180+00:00] flutterwave/rave.NOTICE: Checking payment details.. [] []
[2022-08-26T12:29:10.618997+00:00] flutterwave/rave.NOTICE: Payment requires otp validation...authmodel:pin [] []
[2022-08-26T12:29:59.027736+00:00] flutterwave/rave.NOTICE: Generating Reference Number.... [] []
[2022-08-26T12:29:59.029491+00:00] flutterwave/rave.NOTICE: Generated Reference Number....RV_6308bcc70732b [] []
[2022-08-26T12:29:59.029535+00:00] flutterwave/rave.NOTICE: Rave Class Initializes.... [] []
[2022-08-26T12:29:59.030373+00:00] flutterwave/rave.NOTICE: Checking payment details.. [] []
[2022-08-26T12:30:00.570085+00:00] flutterwave/rave.NOTICE: Payment requires otp validation...authmodel:pin [] []
[2022-08-26T12:30:28.811987+00:00] flutterwave/rave.NOTICE: Generating Reference Number.... [] []
[2022-08-26T12:30:28.813898+00:00] flutterwave/rave.NOTICE: Generated Reference Number....RV_6308bce4c6b3f [] []
[2022-08-26T12:30:28.813964+00:00] flutterwave/rave.NOTICE: Rave Class Initializes.... [] []
[2022-08-26T12:30:28.814736+00:00] flutterwave/rave.NOTICE: Checking payment details.. [] []
[2022-08-26T12:30:29.927261+00:00] flutterwave/rave.NOTICE: Payment requires otp validation...authmodel:pin [] []
[2022-08-26T12:30:56.552839+00:00] flutterwave/rave.NOTICE: Generating Reference Number.... [] []
[2022-08-26T12:30:56.554206+00:00] flutterwave/rave.NOTICE: Generated Reference Number....RV_6308bd00874d5 [] []
[2022-08-26T12:30:56.554250+00:00] flutterwave/rave.NOTICE: Rave Class Initializes.... [] []
[2022-08-26T12:30:56.554799+00:00] flutterwave/rave.NOTICE: Checking payment details.. [] []
[2022-08-26T12:30:57.607071+00:00] flutterwave/rave.NOTICE: Payment requires otp validation...authmodel:pin [] []
[2022-08-26T12:31:11.784353+00:00] flutterwave/rave.NOTICE: Generating Reference Number.... [] []
[2022-08-26T12:31:11.786123+00:00] flutterwave/rave.NOTICE: Generated Reference Number....RV_6308bd0fbfebe [] []
[2022-08-26T12:31:11.786174+00:00] flutterwave/rave.NOTICE: Rave Class Initializes.... [] []
[2022-08-26T12:31:11.787026+00:00] flutterwave/rave.NOTICE: Checking payment details.. [] []
[2022-08-26T12:31:13.092312+00:00] flutterwave/rave.NOTICE: Payment requires otp validation...authmodel:pin [] []
[2022-08-26T12:41:57.762103+00:00] flutterwave/rave.NOTICE: Generating Reference Number.... [] []
[2022-08-26T12:41:57.763928+00:00] flutterwave/rave.NOTICE: Generated Reference Number....RV_6308bf95ba80c [] []
[2022-08-26T12:41:57.764022+00:00] flutterwave/rave.NOTICE: Rave Class Initializes.... [] []
[2022-08-26T12:41:57.764960+00:00] flutterwave/rave.NOTICE: Checking payment details.. [] []
[2022-08-26T12:41:59.393315+00:00] flutterwave/rave.NOTICE: Payment requires otp validation...authmodel:pin [] []
[2022-08-26T12:44:13.621664+00:00] flutterwave/rave.NOTICE: Generating Reference Number.... [] []
[2022-08-26T12:44:13.623396+00:00] flutterwave/rave.NOTICE: Generated Reference Number....RV_6308c01d9831a [] []
[2022-08-26T12:44:13.623443+00:00] flutterwave/rave.NOTICE: Rave Class Initializes.... [] []
[2022-08-26T12:44:13.624251+00:00] flutterwave/rave.NOTICE: Checking payment details.. [] []
[2022-08-26T12:44:15.556878+00:00] flutterwave/rave.NOTICE: Payment requires otp validation...authmodel:pin [] []
[2022-08-26T12:44:38.116425+00:00] flutterwave/rave.NOTICE: Generating Reference Number.... [] []
[2022-08-26T12:44:38.117675+00:00] flutterwave/rave.NOTICE: Generated Reference Number....RV_6308c0361cba4 [] []
[2022-08-26T12:44:38.117713+00:00] flutterwave/rave.NOTICE: Rave Class Initializes.... [] []
[2022-08-26T12:44:38.118230+00:00] flutterwave/rave.NOTICE: Checking payment details.. [] []
[2022-08-26T12:44:39.431933+00:00] flutterwave/rave.NOTICE: Payment requires otp validation...authmodel:pin [] []
[2022-08-26T12:45:11.167649+00:00] flutterwave/rave.NOTICE: Generating Reference Number.... [] []
[2022-08-26T12:45:11.168871+00:00] flutterwave/rave.NOTICE: Generated Reference Number....RV_6308c0572939f [] []
[2022-08-26T12:45:11.168910+00:00] flutterwave/rave.NOTICE: Rave Class Initializes.... [] []
[2022-08-26T12:45:11.169673+00:00] flutterwave/rave.NOTICE: Checking payment details.. [] []
[2022-08-26T12:45:12.489274+00:00] flutterwave/rave.NOTICE: Payment requires otp validation...authmodel:pin [] []
[2022-08-26T12:45:42.657308+00:00] flutterwave/rave.NOTICE: Generating Reference Number.... [] []
[2022-08-26T12:45:42.658990+00:00] flutterwave/rave.NOTICE: Generated Reference Number....RV_6308c076a0e26 [] []
[2022-08-26T12:45:42.659032+00:00] flutterwave/rave.NOTICE: Rave Class Initializes.... [] []
[2022-08-26T12:45:42.659832+00:00] flutterwave/rave.NOTICE: Checking payment details.. [] []
[2022-08-26T12:45:43.831958+00:00] flutterwave/rave.NOTICE: Payment requires otp validation...authmodel:pin [] []
[2022-08-26T12:46:01.733462+00:00] flutterwave/rave.NOTICE: Generating Reference Number.... [] []
[2022-08-26T12:46:01.734798+00:00] flutterwave/rave.NOTICE: Generated Reference Number....RV_6308c089b3645 [] []
[2022-08-26T12:46:01.734840+00:00] flutterwave/rave.NOTICE: Rave Class Initializes.... [] []
[2022-08-26T12:46:01.735381+00:00] flutterwave/rave.NOTICE: Checking payment details.. [] []
[2022-08-26T12:46:02.790296+00:00] flutterwave/rave.NOTICE: Payment requires otp validation...authmodel:pin [] []
[2022-08-26T12:46:14.411710+00:00] flutterwave/rave.NOTICE: Generating Reference Number.... [] []
[2022-08-26T12:46:14.412973+00:00] flutterwave/rave.NOTICE: Generated Reference Number....RV_6308c09664d26 [] []
[2022-08-26T12:46:14.413012+00:00] flutterwave/rave.NOTICE: Rave Class Initializes.... [] []
[2022-08-26T12:46:14.413497+00:00] flutterwave/rave.NOTICE: Checking payment details.. [] []
[2022-08-26T12:46:15.586318+00:00] flutterwave/rave.NOTICE: Payment requires otp validation...authmodel:pin [] []
[2022-08-26T12:48:51.868642+00:00] flutterwave/rave.NOTICE: Generating Reference Number.... [] []
[2022-08-26T12:48:51.870222+00:00] flutterwave/rave.NOTICE: Generated Reference Number....RV_6308c133d4745 [] []
[2022-08-26T12:48:51.870263+00:00] flutterwave/rave.NOTICE: Rave Class Initializes.... [] []
[2022-08-26T12:48:51.871018+00:00] flutterwave/rave.NOTICE: Checking payment details.. [] []
[2022-08-26T12:48:53.299550+00:00] flutterwave/rave.NOTICE: Payment requires otp validation...authmodel:pin [] []
[2022-08-26T12:49:09.096408+00:00] flutterwave/rave.NOTICE: Generating Reference Number.... [] []
[2022-08-26T12:49:09.097781+00:00] flutterwave/rave.NOTICE: Generated Reference Number....RV_6308c14517deb [] []
[2022-08-26T12:49:09.097827+00:00] flutterwave/rave.NOTICE: Rave Class Initializes.... [] []
[2022-08-26T12:49:09.098428+00:00] flutterwave/rave.NOTICE: Checking payment details.. [] []
[2022-08-26T12:49:10.472409+00:00] flutterwave/rave.NOTICE: Payment requires otp validation...authmodel:pin [] []
[2022-08-26T12:49:28.456285+00:00] flutterwave/rave.NOTICE: Generating Reference Number.... [] []
[2022-08-26T12:49:28.458924+00:00] flutterwave/rave.NOTICE: Generated Reference Number....RV_6308c1587009d [] []
[2022-08-26T12:49:28.458978+00:00] flutterwave/rave.NOTICE: Rave Class Initializes.... [] []
[2022-08-26T12:49:28.459580+00:00] flutterwave/rave.NOTICE: Checking payment details.. [] []
[2022-08-26T12:49:29.932559+00:00] flutterwave/rave.NOTICE: Payment requires otp validation...authmodel:pin [] []
[2022-08-26T12:50:43.924502+00:00] flutterwave/rave.NOTICE: Generating Reference Number.... [] []
[2022-08-26T12:50:43.926116+00:00] flutterwave/rave.NOTICE: Generated Reference Number....RV_6308c1a3e219c [] []
[2022-08-26T12:50:43.926155+00:00] flutterwave/rave.NOTICE: Rave Class Initializes.... [] []
[2022-08-26T12:50:43.926927+00:00] flutterwave/rave.NOTICE: Checking payment details.. [] []
[2022-08-26T12:50:45.323640+00:00] flutterwave/rave.NOTICE: Payment requires otp validation...authmodel:pin [] []
[2022-08-26T12:51:39.882742+00:00] flutterwave/rave.NOTICE: Generating Reference Number.... [] []
[2022-08-26T12:51:39.884063+00:00] flutterwave/rave.NOTICE: Generated Reference Number....RV_6308c1dbd7d57 [] []
[2022-08-26T12:51:39.884105+00:00] flutterwave/rave.NOTICE: Rave Class Initializes.... [] []
[2022-08-26T12:51:39.884598+00:00] flutterwave/rave.NOTICE: Checking payment details.. [] []
[2022-08-26T12:51:42.606381+00:00] flutterwave/rave.NOTICE: Payment requires otp validation...authmodel:otp [] []
[2022-08-26T12:52:06.122737+00:00] flutterwave/rave.NOTICE: Generating Reference Number.... [] []
[2022-08-26T12:52:06.125666+00:00] flutterwave/rave.NOTICE: Generated Reference Number....RV_6308c1f61eacd [] []
[2022-08-26T12:52:06.125748+00:00] flutterwave/rave.NOTICE: Rave Class Initializes.... [] []
[2022-08-26T12:52:06.127085+00:00] flutterwave/rave.NOTICE: Checking payment details.. [] []
[2022-08-26T12:52:08.748471+00:00] flutterwave/rave.NOTICE: Payment requires otp validation...authmodel:otp [] []
[2022-08-26T12:52:59.907158+00:00] flutterwave/rave.NOTICE: Generating Reference Number.... [] []
[2022-08-26T12:52:59.908566+00:00] flutterwave/rave.NOTICE: Generated Reference Number....RV_6308c22bddd0e [] []
[2022-08-26T12:52:59.908606+00:00] flutterwave/rave.NOTICE: Rave Class Initializes.... [] []
[2022-08-26T12:52:59.909105+00:00] flutterwave/rave.NOTICE: Checking payment details.. [] []
[2022-08-26T12:53:02.480986+00:00] flutterwave/rave.NOTICE: Payment requires otp validation...authmodel:otp [] []
[2022-08-26T13:15:28.608830+00:00] flutterwave/rave.NOTICE: Generating Reference Number.... [] []
[2022-08-26T13:15:28.611423+00:00] flutterwave/rave.NOTICE: Generated Reference Number....RV_6308c77095452 [] []
[2022-08-26T13:15:28.611472+00:00] flutterwave/rave.NOTICE: Rave Class Initializes.... [] []
[2022-08-26T13:15:28.611507+00:00] flutterwave/rave.NOTICE: Validating otp... [] []
[2022-08-26T13:15:29.680956+00:00] flutterwave/rave.NOTICE: Verifying transaction... [] []
[2022-08-26T13:16:58.113766+00:00] flutterwave/rave.NOTICE: Generating Reference Number.... [] []
[2022-08-26T13:16:58.115457+00:00] flutterwave/rave.NOTICE: Generated Reference Number....RV_6308c7ca1c2f7 [] []
[2022-08-26T13:16:58.115511+00:00] flutterwave/rave.NOTICE: Rave Class Initializes.... [] []
[2022-08-26T13:16:58.115542+00:00] flutterwave/rave.NOTICE: Validating otp... [] []
[2022-08-26T13:16:58.937487+00:00] flutterwave/rave.NOTICE: Verifying transaction... [] []
[2022-08-26T13:18:59.235781+00:00] flutterwave/rave.NOTICE: Generating Reference Number.... [] []
[2022-08-26T13:18:59.237552+00:00] flutterwave/rave.NOTICE: Generated Reference Number....RV_6308c84339fe6 [] []
[2022-08-26T13:18:59.237602+00:00] flutterwave/rave.NOTICE: Rave Class Initializes.... [] []
[2022-08-26T13:18:59.239033+00:00] flutterwave/rave.NOTICE: Checking payment details.. [] []
[2022-08-26T13:19:00.545895+00:00] flutterwave/rave.NOTICE: Payment requires otp validation...authmodel:pin [] []
[2022-08-26T13:20:28.453068+00:00] flutterwave/rave.NOTICE: Generating Reference Number.... [] []
[2022-08-26T13:20:28.454895+00:00] flutterwave/rave.NOTICE: Generated Reference Number....RV_6308c89c6f0e1 [] []
[2022-08-26T13:20:28.454950+00:00] flutterwave/rave.NOTICE: Rave Class Initializes.... [] []
[2022-08-26T13:20:28.455809+00:00] flutterwave/rave.NOTICE: Checking payment details.. [] []
[2022-08-26T13:20:30.997856+00:00] flutterwave/rave.NOTICE: Payment requires otp validation...authmodel:otp [] []
[2022-08-26T13:24:32.296867+00:00] flutterwave/rave.NOTICE: Generating Reference Number.... [] []
[2022-08-26T13:24:32.298791+00:00] flutterwave/rave.NOTICE: Generated Reference Number....RV_6308c99048f1e [] []
[2022-08-26T13:24:32.298838+00:00] flutterwave/rave.NOTICE: Rave Class Initializes.... [] []
[2022-08-26T13:24:32.299651+00:00] flutterwave/rave.NOTICE: Checking payment details.. [] []
[2022-08-26T13:24:34.834484+00:00] flutterwave/rave.NOTICE: Payment requires otp validation...authmodel:otp [] []
[2022-08-26T13:25:05.595373+00:00] flutterwave/rave.NOTICE: Generating Reference Number.... [] []
[2022-08-26T13:25:05.596655+00:00] flutterwave/rave.NOTICE: Generated Reference Number....RV_6308c9b191aa7 [] []
[2022-08-26T13:25:05.596693+00:00] flutterwave/rave.NOTICE: Rave Class Initializes.... [] []
[2022-08-26T13:25:05.596724+00:00] flutterwave/rave.NOTICE: Validating otp... [] []
[2022-08-26T13:25:07.192555+00:00] flutterwave/rave.NOTICE: Verifying transaction... [] []
[2022-08-26T13:25:50.593380+00:00] flutterwave/rave.NOTICE: Generating Reference Number.... [] []
[2022-08-26T13:25:50.596689+00:00] flutterwave/rave.NOTICE: Generated Reference Number....RV_6308c9de91ac2 [] []
[2022-08-26T13:25:50.596737+00:00] flutterwave/rave.NOTICE: Rave Class Initializes.... [] []
[2022-08-26T13:25:50.596772+00:00] flutterwave/rave.NOTICE: Validating otp... [] []
[2022-08-26T13:25:51.358260+00:00] flutterwave/rave.NOTICE: Verifying transaction... [] []
[2022-08-26T13:27:35.815561+00:00] flutterwave/rave.NOTICE: Generating Reference Number.... [] []
[2022-08-26T13:27:35.817155+00:00] flutterwave/rave.NOTICE: Generated Reference Number....RV_6308ca47c77fb [] []
[2022-08-26T13:27:35.817194+00:00] flutterwave/rave.NOTICE: Rave Class Initializes.... [] []
[2022-08-26T13:27:35.817956+00:00] flutterwave/rave.NOTICE: Checking payment details.. [] []
[2022-08-26T13:27:37.121489+00:00] flutterwave/rave.NOTICE: Payment requires otp validation...authmodel:pin [] []
[2022-08-26T13:27:56.972465+00:00] flutterwave/rave.NOTICE: Generating Reference Number.... [] []
[2022-08-26T13:27:56.973760+00:00] flutterwave/rave.NOTICE: Generated Reference Number....RV_6308ca5cedbb6 [] []
[2022-08-26T13:27:56.973802+00:00] flutterwave/rave.NOTICE: Rave Class Initializes.... [] []
[2022-08-26T13:27:56.974301+00:00] flutterwave/rave.NOTICE: Checking payment details.. [] []
[2022-08-26T13:27:59.427179+00:00] flutterwave/rave.NOTICE: Payment requires otp validation...authmodel:otp [] []
[2022-08-26T13:28:29.201495+00:00] flutterwave/rave.NOTICE: Generating Reference Number.... [] []
[2022-08-26T13:28:29.202738+00:00] flutterwave/rave.NOTICE: Generated Reference Number....RV_6308ca7d317ea [] []
[2022-08-26T13:28:29.202776+00:00] flutterwave/rave.NOTICE: Rave Class Initializes.... [] []
[2022-08-26T13:28:29.202806+00:00] flutterwave/rave.NOTICE: Validating otp... [] []
[2022-08-26T13:28:30.435127+00:00] flutterwave/rave.NOTICE: Verifying transaction... [] []
[2022-08-26T13:29:08.793070+00:00] flutterwave/rave.NOTICE: Generating Reference Number.... [] []
[2022-08-26T13:29:08.794772+00:00] flutterwave/rave.NOTICE: Generated Reference Number....RV_6308caa4c208b [] []
[2022-08-26T13:29:08.794818+00:00] flutterwave/rave.NOTICE: Rave Class Initializes.... [] []
[2022-08-26T13:29:08.795618+00:00] flutterwave/rave.NOTICE: Checking payment details.. [] []
[2022-08-26T13:29:10.120075+00:00] flutterwave/rave.NOTICE: Payment requires otp validation...authmodel:pin [] []
[2022-08-26T13:29:24.830675+00:00] flutterwave/rave.NOTICE: Generating Reference Number.... [] []
[2022-08-26T13:29:24.832390+00:00] flutterwave/rave.NOTICE: Generated Reference Number....RV_6308cab4cb37e [] []
[2022-08-26T13:29:24.832431+00:00] flutterwave/rave.NOTICE: Rave Class Initializes.... [] []
[2022-08-26T13:29:24.832975+00:00] flutterwave/rave.NOTICE: Checking payment details.. [] []
[2022-08-26T13:29:26.988833+00:00] flutterwave/rave.NOTICE: Payment requires otp validation...authmodel:otp [] []
[2022-08-26T13:29:44.847382+00:00] flutterwave/rave.NOTICE: Generating Reference Number.... [] []
[2022-08-26T13:29:44.849251+00:00] flutterwave/rave.NOTICE: Generated Reference Number....RV_6308cac8cf54e [] []
[2022-08-26T13:29:44.849321+00:00] flutterwave/rave.NOTICE: Rave Class Initializes.... [] []
[2022-08-26T13:29:44.849391+00:00] flutterwave/rave.NOTICE: Validating otp... [] []
[2022-08-26T13:29:45.837321+00:00] flutterwave/rave.NOTICE: Verifying transaction... [] []
