[2022-08-25T22:37:20.468406+00:00] flutterwave/rave.NOTICE: Generating Reference Number.... [] []
[2022-08-25T22:37:20.470522+00:00] flutterwave/rave.NOTICE: Generated Reference Number....RV_6307f9a072def [] []
[2022-08-25T22:37:20.470590+00:00] flutterwave/rave.NOTICE: Rave Class Initializes.... [] []
[2022-08-25T22:38:09.082840+00:00] flutterwave/rave.NOTICE: Generating Reference Number.... [] []
[2022-08-25T22:38:09.084168+00:00] flutterwave/rave.NOTICE: Generated Reference Number....RV_6307f9d1148c1 [] []
[2022-08-25T22:38:09.084217+00:00] flutterwave/rave.NOTICE: Rave Class Initializes.... [] []
[2022-08-25T22:38:09.085210+00:00] flutterwave/rave.NOTICE: Generating Reference Number.... [] []
[2022-08-25T22:38:09.085563+00:00] flutterwave/rave.NOTICE: Generated Reference Number....RV_6307f9d114e33 [] []
[2022-08-25T22:38:09.085603+00:00] flutterwave/rave.NOTICE: Rave Class Initializes.... [] []
[2022-08-25T22:39:01.190526+00:00] flutterwave/rave.NOTICE: Generating Reference Number.... [] []
[2022-08-25T22:39:01.192090+00:00] flutterwave/rave.NOTICE: Generated Reference Number....RV_6307fa052ee53 [] []
[2022-08-25T22:39:01.192130+00:00] flutterwave/rave.NOTICE: Rave Class Initializes.... [] []
[2022-08-25T22:39:01.194002+00:00] flutterwave/rave.NOTICE: Checking payment details.. [] []
[2022-08-25T22:39:02.532597+00:00] flutterwave/rave.NOTICE: Payment requires otp validation...authmodel:pin [] []
[2022-08-25T22:47:52.543581+00:00] flutterwave/rave.NOTICE: Generating Reference Number.... [] []
[2022-08-25T22:47:52.545334+00:00] flutterwave/rave.NOTICE: Generated Reference Number....RV_6307fc188522b [] []
[2022-08-25T22:47:52.545381+00:00] flutterwave/rave.NOTICE: Rave Class Initializes.... [] []
[2022-08-25T22:47:52.546141+00:00] flutterwave/rave.NOTICE: Checking payment details.. [] []
[2022-08-25T22:47:53.806306+00:00] flutterwave/rave.NOTICE: Payment requires otp validation...authmodel:pin [] []
[2022-08-25T22:48:15.105078+00:00] flutterwave/rave.NOTICE: Generating Reference Number.... [] []
[2022-08-25T22:48:15.106313+00:00] flutterwave/rave.NOTICE: Generated Reference Number....RV_6307fc2f19f41 [] []
[2022-08-25T22:48:15.106353+00:00] flutterwave/rave.NOTICE: Rave Class Initializes.... [] []
[2022-08-25T22:48:15.107804+00:00] flutterwave/rave.NOTICE: Checking payment details.. [] []
[2022-08-25T22:48:16.267928+00:00] flutterwave/rave.NOTICE: Payment requires otp validation...authmodel:pin [] []
[2022-08-25T22:48:33.331807+00:00] flutterwave/rave.NOTICE: Generating Reference Number.... [] []
[2022-08-25T22:48:33.333347+00:00] flutterwave/rave.NOTICE: Generated Reference Number....RV_6307fc415161b [] []
[2022-08-25T22:48:33.333388+00:00] flutterwave/rave.NOTICE: Rave Class Initializes.... [] []
[2022-08-25T22:48:33.333883+00:00] flutterwave/rave.NOTICE: Checking payment details.. [] []
[2022-08-25T22:48:34.460122+00:00] flutterwave/rave.NOTICE: Payment requires otp validation...authmodel:pin [] []
[2022-08-25T22:48:58.779622+00:00] flutterwave/rave.NOTICE: Generating Reference Number.... [] []
[2022-08-25T22:48:58.781184+00:00] flutterwave/rave.NOTICE: Generated Reference Number....RV_6307fc5abeb78 [] []
[2022-08-25T22:48:58.781225+00:00] flutterwave/rave.NOTICE: Rave Class Initializes.... [] []
[2022-08-25T22:48:58.781957+00:00] flutterwave/rave.NOTICE: Checking payment details.. [] []
[2022-08-25T22:49:00.085963+00:00] flutterwave/rave.NOTICE: Payment requires otp validation...authmodel:pin [] []
[2022-08-25T22:49:00.086049+00:00] flutterwave/rave.NOTICE: Checking payment details.. [] []
[2022-08-25T22:49:02.325157+00:00] flutterwave/rave.NOTICE: Payment requires otp validation...authmodel:otp [] []
[2022-08-25T22:49:02.325251+00:00] flutterwave/rave.NOTICE: Validating otp... [] []
[2022-08-25T22:49:03.331825+00:00] flutterwave/rave.NOTICE: Verifying transaction... [] []
[2022-08-25T22:55:27.678344+00:00] flutterwave/rave.NOTICE: Generating Reference Number.... [] []
[2022-08-25T22:55:27.679949+00:00] flutterwave/rave.NOTICE: Generated Reference Number....RV_6307fddfa6004 [] []
[2022-08-25T22:55:27.679992+00:00] flutterwave/rave.NOTICE: Rave Class Initializes.... [] []
[2022-08-25T22:55:27.680805+00:00] flutterwave/rave.NOTICE: Checking payment details.. [] []
[2022-08-25T22:55:28.879100+00:00] flutterwave/rave.NOTICE: Payment requires otp validation...authmodel:pin [] []
[2022-08-25T22:55:28.879184+00:00] flutterwave/rave.NOTICE: Checking payment details.. [] []
[2022-08-25T22:55:31.159165+00:00] flutterwave/rave.NOTICE: Payment requires otp validation...authmodel:otp [] []
[2022-08-25T22:55:31.159254+00:00] flutterwave/rave.NOTICE: Validating otp... [] []
[2022-08-25T22:55:32.059941+00:00] flutterwave/rave.NOTICE: Verifying transaction... [] []
[2022-08-25T23:12:32.626943+00:00] flutterwave/rave.NOTICE: Generating Reference Number.... [] []
[2022-08-25T23:12:32.628716+00:00] flutterwave/rave.NOTICE: Generated Reference Number....RV_630801e0997e3 [] []
[2022-08-25T23:12:32.628761+00:00] flutterwave/rave.NOTICE: Rave Class Initializes.... [] []
[2022-08-25T23:12:32.629643+00:00] flutterwave/rave.NOTICE: Checking payment details.. [] []
[2022-08-25T23:12:34.145284+00:00] flutterwave/rave.NOTICE: Payment requires otp validation...authmodel:pin [] []
[2022-08-25T23:12:34.145369+00:00] flutterwave/rave.NOTICE: Checking payment details.. [] []
[2022-08-25T23:12:36.717100+00:00] flutterwave/rave.NOTICE: Payment requires otp validation...authmodel:otp [] []
[2022-08-25T23:12:36.717193+00:00] flutterwave/rave.NOTICE: Validating otp... [] []
[2022-08-25T23:12:37.602039+00:00] flutterwave/rave.NOTICE: Verifying transaction... [] []
[2022-08-25T23:13:10.227083+00:00] flutterwave/rave.NOTICE: Generating Reference Number.... [] []
[2022-08-25T23:13:10.228518+00:00] flutterwave/rave.NOTICE: Generated Reference Number....RV_6308020637c9e [] []
[2022-08-25T23:13:10.228557+00:00] flutterwave/rave.NOTICE: Rave Class Initializes.... [] []
[2022-08-25T23:13:10.229055+00:00] flutterwave/rave.NOTICE: Checking payment details.. [] []
[2022-08-25T23:13:11.370181+00:00] flutterwave/rave.NOTICE: Payment requires otp validation...authmodel:pin [] []
[2022-08-25T23:13:11.370261+00:00] flutterwave/rave.NOTICE: Checking payment details.. [] []
[2022-08-25T23:13:13.459786+00:00] flutterwave/rave.NOTICE: Payment requires otp validation...authmodel:otp [] []
[2022-08-25T23:13:13.459879+00:00] flutterwave/rave.NOTICE: Validating otp... [] []
[2022-08-25T23:13:14.384632+00:00] flutterwave/rave.NOTICE: Verifying transaction... [] []
[2022-08-25T23:13:52.098412+00:00] flutterwave/rave.NOTICE: Generating Reference Number.... [] []
[2022-08-25T23:13:52.100311+00:00] flutterwave/rave.NOTICE: Generated Reference Number....RV_63080230187cd [] []
[2022-08-25T23:13:52.100352+00:00] flutterwave/rave.NOTICE: Rave Class Initializes.... [] []
[2022-08-25T23:13:52.101095+00:00] flutterwave/rave.NOTICE: Checking payment details.. [] []
[2022-08-25T23:13:53.257510+00:00] flutterwave/rave.NOTICE: Payment requires otp validation...authmodel:pin [] []
[2022-08-25T23:13:53.257596+00:00] flutterwave/rave.NOTICE: Checking payment details.. [] []
[2022-08-25T23:13:55.718351+00:00] flutterwave/rave.NOTICE: Payment requires otp validation...authmodel:otp [] []
[2022-08-25T23:13:55.718511+00:00] flutterwave/rave.NOTICE: Validating otp... [] []
[2022-08-25T23:13:57.020803+00:00] flutterwave/rave.NOTICE: Verifying transaction... [] []
[2022-08-25T23:14:28.220910+00:00] flutterwave/rave.NOTICE: Generating Reference Number.... [] []
[2022-08-25T23:14:28.222856+00:00] flutterwave/rave.NOTICE: Generated Reference Number....RV_6308025436673 [] []
[2022-08-25T23:14:28.222946+00:00] flutterwave/rave.NOTICE: Rave Class Initializes.... [] []
[2022-08-25T23:14:28.223697+00:00] flutterwave/rave.NOTICE: Checking payment details.. [] []
[2022-08-25T23:14:29.658409+00:00] flutterwave/rave.NOTICE: Payment requires otp validation...authmodel:pin [] []
[2022-08-25T23:14:29.658495+00:00] flutterwave/rave.NOTICE: Checking payment details.. [] []
[2022-08-25T23:14:31.972487+00:00] flutterwave/rave.NOTICE: Payment requires otp validation...authmodel:otp [] []
[2022-08-25T23:14:31.972650+00:00] flutterwave/rave.NOTICE: Validating otp... [] []
[2022-08-25T23:14:32.961905+00:00] flutterwave/rave.NOTICE: Verifying transaction... [] []
[2022-08-25T23:15:10.618557+00:00] flutterwave/rave.NOTICE: Generating Reference Number.... [] []
[2022-08-25T23:15:10.620072+00:00] flutterwave/rave.NOTICE: Generated Reference Number....RV_6308027e97621 [] []
[2022-08-25T23:15:10.620111+00:00] flutterwave/rave.NOTICE: Rave Class Initializes.... [] []
[2022-08-25T23:15:10.620861+00:00] flutterwave/rave.NOTICE: Checking payment details.. [] []
[2022-08-25T23:15:11.737652+00:00] flutterwave/rave.NOTICE: Payment requires otp validation...authmodel:pin [] []
[2022-08-25T23:15:11.737737+00:00] flutterwave/rave.NOTICE: Checking payment details.. [] []
[2022-08-25T23:15:13.978183+00:00] flutterwave/rave.NOTICE: Payment requires otp validation...authmodel:otp [] []
[2022-08-25T23:15:13.978277+00:00] flutterwave/rave.NOTICE: Validating otp... [] []
[2022-08-25T23:15:14.898910+00:00] flutterwave/rave.NOTICE: Verifying transaction... [] []
[2022-08-25T23:15:31.066637+00:00] flutterwave/rave.NOTICE: Generating Reference Number.... [] []
[2022-08-25T23:15:31.067863+00:00] flutterwave/rave.NOTICE: Generated Reference Number....RV_630802931090f [] []
[2022-08-25T23:15:31.067902+00:00] flutterwave/rave.NOTICE: Rave Class Initializes.... [] []
[2022-08-25T23:15:31.068392+00:00] flutterwave/rave.NOTICE: Checking payment details.. [] []
[2022-08-25T23:15:32.180193+00:00] flutterwave/rave.NOTICE: Payment requires otp validation...authmodel:pin [] []
[2022-08-25T23:15:32.180375+00:00] flutterwave/rave.NOTICE: Checking payment details.. [] []
[2022-08-25T23:15:34.621996+00:00] flutterwave/rave.NOTICE: Payment requires otp validation...authmodel:otp [] []
[2022-08-25T23:15:34.622088+00:00] flutterwave/rave.NOTICE: Validating otp... [] []
[2022-08-25T23:15:35.558265+00:00] flutterwave/rave.NOTICE: Verifying transaction... [] []
[2022-08-25T23:15:55.741531+00:00] flutterwave/rave.NOTICE: Generating Reference Number.... [] []
[2022-08-25T23:15:55.743147+00:00] flutterwave/rave.NOTICE: Generated Reference Number....RV_630802abb56e2 [] []
[2022-08-25T23:15:55.743190+00:00] flutterwave/rave.NOTICE: Rave Class Initializes.... [] []
[2022-08-25T23:15:55.743731+00:00] flutterwave/rave.NOTICE: Checking payment details.. [] []
[2022-08-25T23:15:56.928049+00:00] flutterwave/rave.NOTICE: Payment requires otp validation...authmodel:pin [] []
[2022-08-25T23:15:56.928135+00:00] flutterwave/rave.NOTICE: Checking payment details.. [] []
[2022-08-25T23:15:59.258222+00:00] flutterwave/rave.NOTICE: Payment requires otp validation...authmodel:otp [] []
[2022-08-25T23:15:59.258495+00:00] flutterwave/rave.NOTICE: Validating otp... [] []
[2022-08-25T23:16:00.488499+00:00] flutterwave/rave.NOTICE: Verifying transaction... [] []
[2022-08-25T23:16:30.988389+00:00] flutterwave/rave.NOTICE: Generating Reference Number.... [] []
[2022-08-25T23:16:30.990134+00:00] flutterwave/rave.NOTICE: Generated Reference Number....RV_630802cef1baa [] []
[2022-08-25T23:16:30.990180+00:00] flutterwave/rave.NOTICE: Rave Class Initializes.... [] []
[2022-08-25T23:16:30.991265+00:00] flutterwave/rave.NOTICE: Checking payment details.. [] []
[2022-08-25T23:16:32.482613+00:00] flutterwave/rave.NOTICE: Payment requires otp validation...authmodel:pin [] []
[2022-08-25T23:16:32.482700+00:00] flutterwave/rave.NOTICE: Checking payment details.. [] []
[2022-08-25T23:16:35.118916+00:00] flutterwave/rave.NOTICE: Payment requires otp validation...authmodel:otp [] []
[2022-08-25T23:16:35.119040+00:00] flutterwave/rave.NOTICE: Validating otp... [] []
[2022-08-25T23:16:36.378332+00:00] flutterwave/rave.NOTICE: Verifying transaction... [] []
[2022-08-25T23:18:44.308103+00:00] flutterwave/rave.NOTICE: Generating Reference Number.... [] []
[2022-08-25T23:18:44.309613+00:00] flutterwave/rave.NOTICE: Generated Reference Number....RV_630803544b966 [] []
[2022-08-25T23:18:44.309652+00:00] flutterwave/rave.NOTICE: Rave Class Initializes.... [] []
[2022-08-25T23:18:44.310375+00:00] flutterwave/rave.NOTICE: Checking payment details.. [] []
[2022-08-25T23:18:45.991067+00:00] flutterwave/rave.NOTICE: Payment requires otp validation...authmodel:pin [] []
[2022-08-25T23:18:45.991249+00:00] flutterwave/rave.NOTICE: Checking payment details.. [] []
[2022-08-25T23:18:48.183714+00:00] flutterwave/rave.NOTICE: Payment requires otp validation...authmodel:otp [] []
[2022-08-25T23:18:48.183815+00:00] flutterwave/rave.NOTICE: Validating otp... [] []
[2022-08-25T23:18:49.100839+00:00] flutterwave/rave.NOTICE: Verifying transaction... [] []
[2022-08-25T23:19:18.520939+00:00] flutterwave/rave.NOTICE: Generating Reference Number.... [] []
[2022-08-25T23:19:18.523062+00:00] flutterwave/rave.NOTICE: Generated Reference Number....RV_630803767fb25 [] []
[2022-08-25T23:19:18.523113+00:00] flutterwave/rave.NOTICE: Rave Class Initializes.... [] []
[2022-08-25T23:19:18.523877+00:00] flutterwave/rave.NOTICE: Checking payment details.. [] []
[2022-08-25T23:19:19.667913+00:00] flutterwave/rave.NOTICE: Payment requires otp validation...authmodel:pin [] []
[2022-08-25T23:19:19.667998+00:00] flutterwave/rave.NOTICE: Checking payment details.. [] []
[2022-08-25T23:19:22.155819+00:00] flutterwave/rave.NOTICE: Payment requires otp validation...authmodel:otp [] []
[2022-08-25T23:19:22.155911+00:00] flutterwave/rave.NOTICE: Validating otp... [] []
[2022-08-25T23:19:23.055628+00:00] flutterwave/rave.NOTICE: Verifying transaction... [] []
[2022-08-25T23:20:05.570492+00:00] flutterwave/rave.NOTICE: Generating Reference Number.... [] []
[2022-08-25T23:20:05.572017+00:00] flutterwave/rave.NOTICE: Generated Reference Number....RV_630803a58ba69 [] []
[2022-08-25T23:20:05.572056+00:00] flutterwave/rave.NOTICE: Rave Class Initializes.... [] []
[2022-08-25T23:20:05.573019+00:00] flutterwave/rave.NOTICE: Checking payment details.. [] []
[2022-08-25T23:20:06.683825+00:00] flutterwave/rave.NOTICE: Payment requires otp validation...authmodel:pin [] []
[2022-08-25T23:20:06.683997+00:00] flutterwave/rave.NOTICE: Checking payment details.. [] []
[2022-08-25T23:20:08.970579+00:00] flutterwave/rave.NOTICE: Payment requires otp validation...authmodel:otp [] []
[2022-08-25T23:20:08.970674+00:00] flutterwave/rave.NOTICE: Validating otp... [] []
[2022-08-25T23:20:09.883211+00:00] flutterwave/rave.NOTICE: Verifying transaction... [] []
[2022-08-25T23:21:02.839822+00:00] flutterwave/rave.NOTICE: Generating Reference Number.... [] []
[2022-08-25T23:21:02.841044+00:00] flutterwave/rave.NOTICE: Generated Reference Number....RV_630803decd54d [] []
[2022-08-25T23:21:02.841083+00:00] flutterwave/rave.NOTICE: Rave Class Initializes.... [] []
[2022-08-25T23:21:02.841571+00:00] flutterwave/rave.NOTICE: Checking payment details.. [] []
[2022-08-25T23:21:04.045462+00:00] flutterwave/rave.NOTICE: Payment requires otp validation...authmodel:pin [] []
[2022-08-25T23:21:04.045606+00:00] flutterwave/rave.NOTICE: Checking payment details.. [] []
[2022-08-25T23:21:06.353894+00:00] flutterwave/rave.NOTICE: Payment requires otp validation...authmodel:otp [] []
[2022-08-25T23:21:06.353986+00:00] flutterwave/rave.NOTICE: Validating otp... [] []
[2022-08-25T23:21:07.337441+00:00] flutterwave/rave.NOTICE: Verifying transaction... [] []
[2022-08-25T23:21:23.642557+00:00] flutterwave/rave.NOTICE: Generating Reference Number.... [] []
[2022-08-25T23:21:23.644025+00:00] flutterwave/rave.NOTICE: Generated Reference Number....RV_630803f39d3b1 [] []
[2022-08-25T23:21:23.644064+00:00] flutterwave/rave.NOTICE: Rave Class Initializes.... [] []
[2022-08-25T23:21:23.644791+00:00] flutterwave/rave.NOTICE: Checking payment details.. [] []
[2022-08-25T23:21:25.014129+00:00] flutterwave/rave.NOTICE: Payment requires otp validation...authmodel:pin [] []
[2022-08-25T23:21:25.014309+00:00] flutterwave/rave.NOTICE: Checking payment details.. [] []
[2022-08-25T23:21:27.570346+00:00] flutterwave/rave.NOTICE: Payment requires otp validation...authmodel:otp [] []
[2022-08-25T23:21:27.570548+00:00] flutterwave/rave.NOTICE: Validating otp... [] []
[2022-08-25T23:21:28.477308+00:00] flutterwave/rave.NOTICE: Verifying transaction... [] []
[2022-08-25T23:21:51.233481+00:00] flutterwave/rave.NOTICE: Generating Reference Number.... [] []
[2022-08-25T23:21:51.234841+00:00] flutterwave/rave.NOTICE: Generated Reference Number....RV_6308040f39551 [] []
[2022-08-25T23:21:51.234885+00:00] flutterwave/rave.NOTICE: Rave Class Initializes.... [] []
[2022-08-25T23:21:51.236455+00:00] flutterwave/rave.NOTICE: Checking payment details.. [] []
[2022-08-25T23:21:52.413544+00:00] flutterwave/rave.NOTICE: Payment requires otp validation...authmodel:pin [] []
[2022-08-25T23:21:52.413629+00:00] flutterwave/rave.NOTICE: Checking payment details.. [] []
[2022-08-25T23:21:54.974867+00:00] flutterwave/rave.NOTICE: Payment requires otp validation...authmodel:otp [] []
[2022-08-25T23:21:54.974978+00:00] flutterwave/rave.NOTICE: Validating otp... [] []
[2022-08-25T23:21:55.948838+00:00] flutterwave/rave.NOTICE: Verifying transaction... [] []
[2022-08-25T23:23:29.984607+00:00] flutterwave/rave.NOTICE: Generating Reference Number.... [] []
[2022-08-25T23:23:29.986199+00:00] flutterwave/rave.NOTICE: Generated Reference Number....RV_63080471f0c4e [] []
[2022-08-25T23:23:29.986239+00:00] flutterwave/rave.NOTICE: Rave Class Initializes.... [] []
[2022-08-25T23:23:29.986985+00:00] flutterwave/rave.NOTICE: Checking payment details.. [] []
[2022-08-25T23:23:31.737075+00:00] flutterwave/rave.NOTICE: Payment requires otp validation...authmodel:pin [] []
[2022-08-25T23:23:31.737259+00:00] flutterwave/rave.NOTICE: Checking payment details.. [] []
[2022-08-25T23:23:34.090938+00:00] flutterwave/rave.NOTICE: Payment requires otp validation...authmodel:otp [] []
[2022-08-25T23:23:34.091032+00:00] flutterwave/rave.NOTICE: Validating otp... [] []
[2022-08-25T23:23:35.185163+00:00] flutterwave/rave.NOTICE: Verifying transaction... [] []
[2022-08-25T23:23:53.780390+00:00] flutterwave/rave.NOTICE: Generating Reference Number.... [] []
[2022-08-25T23:23:53.781621+00:00] flutterwave/rave.NOTICE: Generated Reference Number....RV_63080489bed2e [] []
[2022-08-25T23:23:53.781659+00:00] flutterwave/rave.NOTICE: Rave Class Initializes.... [] []
[2022-08-25T23:23:53.782189+00:00] flutterwave/rave.NOTICE: Checking payment details.. [] []
[2022-08-25T23:23:54.927754+00:00] flutterwave/rave.NOTICE: Payment requires otp validation...authmodel:pin [] []
[2022-08-25T23:23:54.927865+00:00] flutterwave/rave.NOTICE: Checking payment details.. [] []
[2022-08-25T23:23:57.170805+00:00] flutterwave/rave.NOTICE: Payment requires otp validation...authmodel:otp [] []
[2022-08-25T23:23:57.170902+00:00] flutterwave/rave.NOTICE: Validating otp... [] []
[2022-08-25T23:23:58.099025+00:00] flutterwave/rave.NOTICE: Verifying transaction... [] []
